<?xml version="1.0" encoding="UTF-8"?>
<!-- Generated by org.testng.reporters.JUnitReportReporter -->
<testsuite skipped="0" hostname="FIAZ" name="tests.DemoqaTests" tests="2" failures="0" timestamp="2020-12-10T11:08:03 PKT" time="35.461" errors="0">
  <testcase name="verifyFormSubmission" time="23.759" classname="tests.DemoqaTests"/>
  <system-out/>
  <testcase name="verifyRequiredField" time="11.702" classname="tests.DemoqaTests"/>
  <system-out/>
</testsuite> <!-- tests.DemoqaTests -->
