<?xml version="1.0" encoding="UTF-8"?>
<!-- Generated by org.testng.reporters.JUnitReportReporter -->
<testsuite skipped="0" hostname="DESKTOP-QD7GK1O" name="tests.DemoqaTests" tests="2" failures="0" timestamp="2020-12-10T12:44:20 PKT" time="39.540" errors="0">
  <testcase name="verifyRequiredField" time="27.718" classname="tests.DemoqaTests"/>
  <system-out/>
  <testcase name="verifyFormSubmission" time="11.822" classname="tests.DemoqaTests"/>
  <system-out/>
</testsuite> <!-- tests.DemoqaTests -->
